#
# A fatal error has been detected by the Java Runtime Environment:
#
#  SIGSEGV (0xb) at pc=0x000000012c728f4b, pid=61699, tid=259
#
# JRE version: Java(TM) SE Runtime Environment (16.0.2+7) (build 16.0.2+7-67)
# Java VM: Java HotSpot(TM) 64-Bit Server VM (16.0.2+7-67, mixed mode, sharing, tiered, compressed oops, compressed class ptrs, g1 gc, bsd-amd64)
# Problematic frame:
# C  [libhalsim_gui.dylib+0x1ff4b]  _ZNSt3__110__function6__funcIZN9halsimgui19NetworkTablesSimGui10InitializeEvE3$_0NS_9allocatorIS4_EEFvvEEclEv+0xb
#
# No core dump will be written. Core dumps have been disabled. To enable core dumping, try "ulimit -c unlimited" before starting Java again
#
# If you would like to submit a bug report, please visit:
#   https://bugreport.java.com/bugreport/crash.jsp
# The crash happened outside the Java Virtual Machine in native code.
# See problematic frame for where to report the bug.
#

---------------  S U M M A R Y ------------

Command Line: -agentlib:jdwp=transport=dt_socket,server=n,suspend=y,address=localhost:52715 -Djava.library.path=/Users/lukasfiur/Documents/GitHub/2022-command-based/build/jni/release -XX:+ShowCodeDetailsInExceptionMessages frc.robot.Main

Host: MacBookPro17,1 x86_64 2400 MHz, 8 cores, 8G, Darwin 21.3.0, macOS 10.16 (21D49)
Time: Sat Feb 12 17:03:22 2022 EST elapsed time: 1392.468724 seconds (0d 0h 23m 12s)

---------------  T H R E A D  ---------------

Current thread (0x00007fc050009800):  JavaThread "main" [_thread_in_native, id=259, stack(0x0000000304b67000,0x0000000305367000)]

Stack: [0x0000000304b67000,0x0000000305367000],  sp=0x0000000305363810,  free space=8178k
Native frames: (J=compiled Java code, A=aot compiled Java code, j=interpreted, Vv=VM code, C=native code)
C  [libhalsim_gui.dylib+0x1ff4b]  _ZNSt3__110__function6__funcIZN9halsimgui19NetworkTablesSimGui10InitializeEvE3$_0NS_9allocatorIS4_EEFvvEEclEv+0xb
